eeschema (22-Jun-2014 BZR 4027)-stable  >> Creation date: Sat 27 Jun 2015 01:38:18 PM CDT
#Cmp ( order = Reference )
| C?         .22uF       
| D?         1N4148      
| L?         10uH        
| M?         DC_MOTOR    
| P?         CONN_2      
| R?         1.2M        
| SW?        SW_PUSH     
| U?         APDS-9960   
#End Cmp

#Cmp ( order = Value )
| .22uF        C?        
| 1N4148       D?        
| 10uH         L?        
| DC_MOTOR     M?        
| CONN_2       P?        
| 1.2M         R?        
| SW_PUSH      SW?       
| APDS-9960    U?        
#End Cmp

#End List
